45260:M 03 Apr 10:00:26.233 * Increased maximum number of open files to 10032 (it was originally set to 256).
                _._                                                  
           _.-``__ ''-._                                             
      _.-``    `.  `_.  ''-._           Redis 3.2.8 (00000000/0) 64 bit
  .-`` .-```.  ```\/    _.,_ ''-._                                   
 (    '      ,       .-`  | `,    )     Running in standalone mode
 |`-._`-...-` __...-.``-._|'` _.-'|     Port: 6379
 |    `-._   `._    /     _.-'    |     PID: 45260
  `-._    `-._  `-./  _.-'    _.-'                                   
 |`-._`-._    `-.__.-'    _.-'_.-'|                                  
 |    `-._`-._        _.-'_.-'    |           http://redis.io        
  `-._    `-._`-.__.-'_.-'    _.-'                                   
 |`-._`-._    `-.__.-'    _.-'_.-'|                                  
 |    `-._`-._        _.-'_.-'    |                                  
  `-._    `-._`-.__.-'_.-'    _.-'                                   
      `-._    `-.__.-'    _.-'                                       
          `-._        _.-'                                           
              `-.__.-'                                               

45260:M 03 Apr 10:00:26.239 # Server started, Redis version 3.2.8
PRG=/Users/liujinjing/tech/mq/apache-rocketmq/bin/mqnamesrv
ROCKETMQ_HOME=/Users/liujinjing/tech/mq/apache-rocketmq
Java HotSpot(TM) 64-Bit Server VM warning: ignoring option PermSize=128m; support was removed in 8.0
Java HotSpot(TM) 64-Bit Server VM warning: ignoring option MaxPermSize=320m; support was removed in 8.0
Java HotSpot(TM) 64-Bit Server VM warning: Using the DefNew young collector with the CMS collector is deprecated and will likely be removed in a future release
Java HotSpot(TM) 64-Bit Server VM warning: UseCMSCompactAtFullCollection is deprecated and will likely be removed in a future release.
Java HotSpot(TM) 64-Bit Server VM warning: Cannot open file /dev/shm/rmq_srv_gc.log due to No such file or directory

10:00:26,606 |-INFO in ch.qos.logback.classic.LoggerContext[default] - Could NOT find resource [logback.groovy]
10:00:26,606 |-INFO in ch.qos.logback.classic.LoggerContext[default] - Could NOT find resource [logback-test.xml]
10:00:26,606 |-INFO in ch.qos.logback.classic.LoggerContext[default] - Found resource [logback.xml] at [jar:file:/Users/liujinjing/tech/mq/apache-rocketmq/lib/rocketmq-broker-4.1.0-incubating-SNAPSHOT.jar!/logback.xml]
10:00:26,625 |-INFO in ch.qos.logback.core.joran.spi.ConfigurationWatchList@64c64813 - URL [jar:file:/Users/liujinjing/tech/mq/apache-rocketmq/lib/rocketmq-broker-4.1.0-incubating-SNAPSHOT.jar!/logback.xml] is not of type file
10:00:26,684 |-INFO in ch.qos.logback.classic.joran.action.ConfigurationAction - debug attribute not set
10:00:26,693 |-INFO in ch.qos.logback.core.joran.action.AppenderAction - About to instantiate appender of type [ch.qos.logback.core.ConsoleAppender]
10:00:26,701 |-INFO in ch.qos.logback.core.joran.action.AppenderAction - Naming appender as [DefaultAppender]
10:00:26,723 |-ERROR in ch.qos.logback.core.joran.spi.Interpreter@22:17 - no applicable action for [append], current ElementPath  is [[configuration][appender][append]]
10:00:26,725 |-INFO in ch.qos.logback.core.joran.action.NestedComplexPropertyIA - Assuming default type [ch.qos.logback.classic.encoder.PatternLayoutEncoder] for [encoder] property
10:00:26,791 |-INFO in ch.qos.logback.classic.joran.action.LevelAction - ROOT level set to OFF
10:00:26,791 |-INFO in ch.qos.logback.core.joran.action.AppenderRefAction - Attaching appender named [DefaultAppender] to Logger[ROOT]
10:00:26,792 |-INFO in ch.qos.logback.classic.joran.action.ConfigurationAction - End of configuration.
10:00:26,793 |-INFO in ch.qos.logback.classic.joran.JoranConfigurator@3ecf72fd - Registering current configuration as safe fallback point

The Name Server boot success. serializeType=JSON
{"type":"log","@timestamp":"2018-04-03T02:00:31Z","tags":["status","plugin:kibana@5.1.1","info"],"pid":45279,"state":"green","message":"Status changed from uninitialized to green - Ready","prevState":"uninitialized","prevMsg":"uninitialized"}
{"type":"log","@timestamp":"2018-04-03T02:00:31Z","tags":["status","plugin:elasticsearch@5.1.1","info"],"pid":45279,"state":"yellow","message":"Status changed from uninitialized to yellow - Waiting for Elasticsearch","prevState":"uninitialized","prevMsg":"uninitialized"}
{"type":"log","@timestamp":"2018-04-03T02:00:31Z","tags":["error","elasticsearch"],"pid":45279,"message":"Request error, retrying\nHEAD http://localhost:9200/ => connect ECONNREFUSED 127.0.0.1:9200"}
{"type":"log","@timestamp":"2018-04-03T02:00:31Z","tags":["status","plugin:console@5.1.1","info"],"pid":45279,"state":"green","message":"Status changed from uninitialized to green - Ready","prevState":"uninitialized","prevMsg":"uninitialized"}
{"type":"log","@timestamp":"2018-04-03T02:00:31Z","tags":["warning","elasticsearch"],"pid":45279,"message":"Unable to revive connection: http://localhost:9200/"}
{"type":"log","@timestamp":"2018-04-03T02:00:31Z","tags":["warning","elasticsearch"],"pid":45279,"message":"No living connections"}
{"type":"log","@timestamp":"2018-04-03T02:00:31Z","tags":["status","plugin:elasticsearch@5.1.1","error"],"pid":45279,"state":"red","message":"Status changed from yellow to red - Unable to connect to Elasticsearch at http://localhost:9200.","prevState":"yellow","prevMsg":"Waiting for Elasticsearch"}
{"type":"log","@timestamp":"2018-04-03T02:00:31Z","tags":["status","plugin:timelion@5.1.1","info"],"pid":45279,"state":"green","message":"Status changed from uninitialized to green - Ready","prevState":"uninitialized","prevMsg":"uninitialized"}
{"type":"log","@timestamp":"2018-04-03T02:00:31Z","tags":["fatal"],"pid":45279,"message":"Port 5601 is already in use. Another instance of Kibana may be running!"}
FATAL Port 5601 is already in use. Another instance of Kibana may be running!
Java HotSpot(TM) 64-Bit Server VM warning: Cannot open file /dev/shm/mq_gc_pid45304.log due to No such file or directory

10:00:36,061 |-INFO in ch.qos.logback.classic.LoggerContext[default] - Could NOT find resource [logback.groovy]
10:00:36,061 |-INFO in ch.qos.logback.classic.LoggerContext[default] - Could NOT find resource [logback-test.xml]
10:00:36,061 |-INFO in ch.qos.logback.classic.LoggerContext[default] - Found resource [logback.xml] at [jar:file:/Users/liujinjing/tech/mq/apache-rocketmq/lib/rocketmq-broker-4.1.0-incubating-SNAPSHOT.jar!/logback.xml]
10:00:36,078 |-INFO in ch.qos.logback.core.joran.spi.ConfigurationWatchList@326de728 - URL [jar:file:/Users/liujinjing/tech/mq/apache-rocketmq/lib/rocketmq-broker-4.1.0-incubating-SNAPSHOT.jar!/logback.xml] is not of type file
10:00:36,151 |-INFO in ch.qos.logback.classic.joran.action.ConfigurationAction - debug attribute not set
10:00:36,176 |-INFO in ch.qos.logback.core.joran.action.AppenderAction - About to instantiate appender of type [ch.qos.logback.core.ConsoleAppender]
10:00:36,182 |-INFO in ch.qos.logback.core.joran.action.AppenderAction - Naming appender as [DefaultAppender]
10:00:36,207 |-ERROR in ch.qos.logback.core.joran.spi.Interpreter@22:17 - no applicable action for [append], current ElementPath  is [[configuration][appender][append]]
10:00:36,209 |-INFO in ch.qos.logback.core.joran.action.NestedComplexPropertyIA - Assuming default type [ch.qos.logback.classic.encoder.PatternLayoutEncoder] for [encoder] property
10:00:36,287 |-INFO in ch.qos.logback.classic.joran.action.LevelAction - ROOT level set to OFF
10:00:36,287 |-INFO in ch.qos.logback.core.joran.action.AppenderRefAction - Attaching appender named [DefaultAppender] to Logger[ROOT]
10:00:36,287 |-INFO in ch.qos.logback.classic.joran.action.ConfigurationAction - End of configuration.
10:00:36,288 |-INFO in ch.qos.logback.classic.joran.JoranConfigurator@25618e91 - Registering current configuration as safe fallback point

45260:M 03 Apr 10:00:52.915 * DB loaded from disk: 26.676 seconds
45260:M 03 Apr 10:00:52.916 * The server is now ready to accept connections on port 6379
45260:M 03 Apr 10:15:27.083 * 1 changes in 900 seconds. Saving...
45260:M 03 Apr 10:15:27.099 * Background saving started by pid 45536
45536:C 03 Apr 10:16:03.046 * DB saved on disk
45260:M 03 Apr 10:16:03.269 * Background saving terminated with success
45260:M 04 Apr 09:55:39.365 * 1 changes in 900 seconds. Saving...
45260:M 04 Apr 09:55:39.366 * Background saving started by pid 49463
49463:C 04 Apr 09:56:07.467 * DB saved on disk
45260:M 04 Apr 09:56:07.533 * Background saving terminated with success
